Vivado Simulator v2024.1
Copyright 1986-2022 Xilinx, Inc. All Rights Reserved.
Copyright 2022-2024 Advanced Micro Devices, Inc. All Rights Reserved.
Running: C:/Xilinx/Vivado/2024.1/bin/unwrapped/win64.o/xelab.exe --incr --debug typical --relax --mt 2 -L xil_defaultlib -L unisims_ver -L unimacro_ver -L secureip --snapshot mole_main_tb_behav xil_defaultlib.mole_main_tb xil_defaultlib.glbl -log elaborate.log 
Using 2 slave threads.
Starting static elaboration
Pass Through NonSizing Optimizer
Completed static elaboration
Starting simulation data flow analysis
Completed simulation data flow analysis
Time Resolution for simulation is 1ps
Compiling module xil_defaultlib.led_timer
Compiling module xil_defaultlib.PRNG
Compiling module xil_defaultlib.randomLED
Compiling module xil_defaultlib.Clock_divider
Compiling module xil_defaultlib.faster_clock_divider
Compiling module xil_defaultlib.decoder
Compiling module xil_defaultlib.fsm
Compiling module xil_defaultlib.counter
Compiling module xil_defaultlib.hit_detect
Compiling module xil_defaultlib.mole_main
Compiling module xil_defaultlib.mole_main_tb
Compiling module xil_defaultlib.glbl
Built simulation snapshot mole_main_tb_behav
